<?xml version="1.0" encoding="UTF-8"?>
<!-- Generated by org.testng.reporters.JUnitReportReporter -->
<testsuite hostname="DESKTOP-BFCU90B" name="tests.LogInTest" tests="3" failures="0" timestamp="26 Feb 2020 15:40:33 GMT" time="10.595" errors="0">
  <testcase name="logInTest" time="6.552" classname="tests.LogInTest"/>
  <testcase name="invalidPasswordTest" time="2.541" classname="tests.LogInTest"/>
  <testcase name="invalidLoginTest" time="1.502" classname="tests.LogInTest"/>
</testsuite> <!-- tests.LogInTest -->
