<?xml version="1.0" encoding="UTF-8"?>
<!-- Generated by org.testng.reporters.JUnitReportReporter -->
<testsuite hostname="DESKTOP-BFCU90B" name="tests.MailTest" tests="4" failures="0" timestamp="28 Feb 2020 08:12:09 GMT" time="50.790" errors="0">
  <testcase name="sendLetterTest" time="6.814" classname="tests.MailTest"/>
  <testcase name="saveDraftTest" time="11.933" classname="tests.MailTest"/>
  <testcase name="sendLetterWithoutRecipient" time="19.827" classname="tests.MailTest"/>
  <testcase name="sendLetterWithoutSubject" time="12.216" classname="tests.MailTest"/>
</testsuite> <!-- tests.MailTest -->
